This file contains any messages produced by compilers while
running configure, to aid debugging if configure makes a mistake.

It was created by tpm2-tools configure 3.2.2-RC0-2-g4f21cf5, which was
generated by GNU Autoconf 2.69.  Invocation command line was

  $ ./configure --prefix=/usr/local

## --------- ##
## Platform. ##
## --------- ##

hostname = localhost.localdomain
uname -m = x86_64
uname -r = 3.10.0-1127.el7.x86_64
uname -s = Linux
uname -v = #1 SMP Tue Mar 31 23:36:51 UTC 2020

/usr/bin/uname -p = x86_64
/bin/uname -X     = unknown

/bin/arch              = x86_64
/usr/bin/arch -k       = unknown
/usr/convex/getsysinfo = unknown
/usr/bin/hostinfo      = unknown
/bin/machine           = unknown
/usr/bin/oslevel       = unknown
/bin/universe          = unknown

PATH: /usr/local/bin
PATH: /usr/local/sbin
PATH: /usr/bin
PATH: /usr/sbin
PATH: /bin
PATH: /sbin
PATH: /home/zstar/.local/bin
PATH: /home/zstar/bin


## ----------- ##
## Core tests. ##
## ----------- ##

configure:2230: checking for gcc
configure:2246: found /usr/bin/gcc
configure:2257: result: gcc
configure:2486: checking for C compiler version
configure:2495: gcc --version >&5
gcc (GCC) 4.8.5 20150623 (Red Hat 4.8.5-44)
Copyright (C) 2015 Free Software Foundation, Inc.
This is free software; see the source for copying conditions.  There is NO
warranty; not even for MERCHANTABILITY or FITNESS FOR A PARTICULAR PURPOSE.

configure:2506: $? = 0
configure:2495: gcc -v >&5
Using built-in specs.
COLLECT_GCC=gcc
COLLECT_LTO_WRAPPER=/usr/libexec/gcc/x86_64-redhat-linux/4.8.5/lto-wrapper
Target: x86_64-redhat-linux
Configured with: ../configure --prefix=/usr --mandir=/usr/share/man --infodir=/usr/share/info --with-bugurl=http://bugzilla.redhat.com/bugzilla --enable-bootstrap --enable-shared --enable-threads=posix --enable-checking=release --with-system-zlib --enable-__cxa_atexit --disable-libunwind-exceptions --enable-gnu-unique-object --enable-linker-build-id --with-linker-hash-style=gnu --enable-languages=c,c++,objc,obj-c++,java,fortran,ada,go,lto --enable-plugin --enable-initfini-array --disable-libgcj --with-isl=/builddir/build/BUILD/gcc-4.8.5-20150702/obj-x86_64-redhat-linux/isl-install --with-cloog=/builddir/build/BUILD/gcc-4.8.5-20150702/obj-x86_64-redhat-linux/cloog-install --enable-gnu-indirect-function --with-tune=generic --with-arch_32=x86-64 --build=x86_64-redhat-linux
Thread model: posix
gcc version 4.8.5 20150623 (Red Hat 4.8.5-44) (GCC) 
configure:2506: $? = 0
configure:2495: gcc -V >&5
gcc: error: unrecognized command line option '-V'
gcc: fatal error: no input files
compilation terminated.
configure:2506: $? = 4
configure:2495: gcc -qversion >&5
gcc: error: unrecognized command line option '-qversion'
gcc: fatal error: no input files
compilation terminated.
configure:2506: $? = 4
configure:2526: checking whether the C compiler works
configure:2548: gcc    conftest.c  >&5
configure:2552: $? = 0
configure:2600: result: yes
configure:2603: checking for C compiler default output file name
configure:2605: result: a.out
configure:2611: checking for suffix of executables
configure:2618: gcc -o conftest    conftest.c  >&5
configure:2622: $? = 0
configure:2644: result: 
configure:2666: checking whether we are cross compiling
configure:2674: gcc -o conftest    conftest.c  >&5
configure:2678: $? = 0
configure:2685: ./conftest
configure:2689: $? = 0
configure:2704: result: no
configure:2709: checking for suffix of object files
configure:2731: gcc -c   conftest.c >&5
configure:2735: $? = 0
configure:2756: result: o
configure:2760: checking whether we are using the GNU C compiler
configure:2779: gcc -c   conftest.c >&5
configure:2779: $? = 0
configure:2788: result: yes
configure:2797: checking whether gcc accepts -g
configure:2817: gcc -c -g  conftest.c >&5
configure:2817: $? = 0
configure:2858: result: yes
configure:2875: checking for gcc option to accept ISO C89
configure:2938: gcc  -c -g -O2  conftest.c >&5
configure:2938: $? = 0
configure:2951: result: none needed
configure:3029: checking build system type
configure:3043: result: x86_64-unknown-linux-gnu
configure:3063: checking host system type
configure:3076: result: x86_64-unknown-linux-gnu
configure:3117: checking how to print strings
configure:3144: result: printf
configure:3165: checking for a sed that does not truncate output
configure:3229: result: /usr/bin/sed
configure:3247: checking for grep that handles long lines and -e
configure:3305: result: /usr/bin/grep
configure:3310: checking for egrep
configure:3372: result: /usr/bin/grep -E
configure:3377: checking for fgrep
configure:3439: result: /usr/bin/grep -F
configure:3474: checking for ld used by gcc
configure:3541: result: /usr/bin/ld
configure:3548: checking if the linker (/usr/bin/ld) is GNU ld
configure:3563: result: yes
configure:3575: checking for BSD- or MS-compatible name lister (nm)
configure:3624: result: /usr/bin/nm -B
configure:3754: checking the name lister (/usr/bin/nm -B) interface
configure:3761: gcc -c -g -O2  conftest.c >&5
configure:3764: /usr/bin/nm -B "conftest.o"
configure:3767: output
0000000000000000 B some_variable
configure:3774: result: BSD nm
configure:3777: checking whether ln -s works
configure:3781: result: yes
configure:3789: checking the maximum length of command line arguments
configure:3919: result: 1572864
configure:3936: checking whether the shell understands some XSI constructs
configure:3946: result: yes
configure:3950: checking whether the shell understands "+="
configure:3956: result: yes
configure:3991: checking how to convert x86_64-unknown-linux-gnu file names to x86_64-unknown-linux-gnu format
configure:4031: result: func_convert_file_noop
configure:4038: checking how to convert x86_64-unknown-linux-gnu file names to toolchain format
configure:4058: result: func_convert_file_noop
configure:4065: checking for /usr/bin/ld option to reload object files
configure:4072: result: -r
configure:4146: checking for objdump
configure:4162: found /usr/bin/objdump
configure:4173: result: objdump
configure:4205: checking how to recognize dependent libraries
configure:4407: result: pass_all
configure:4492: checking for dlltool
configure:4522: result: no
configure:4552: checking how to associate runtime and link libraries
configure:4579: result: printf %s\n
configure:4640: checking for ar
configure:4656: found /usr/bin/ar
configure:4667: result: ar
configure:4704: checking for archiver @FILE support
configure:4721: gcc -c -g -O2  conftest.c >&5
configure:4721: $? = 0
configure:4724: ar cru libconftest.a @conftest.lst >&5
configure:4727: $? = 0
configure:4732: ar cru libconftest.a @conftest.lst >&5
ar: conftest.o: No such file or directory
configure:4735: $? = 1
configure:4747: result: @
configure:4805: checking for strip
configure:4821: found /usr/bin/strip
configure:4832: result: strip
configure:4904: checking for ranlib
configure:4920: found /usr/bin/ranlib
configure:4931: result: ranlib
configure:5008: checking for gawk
configure:5024: found /usr/bin/gawk
configure:5035: result: gawk
configure:5075: checking command to parse /usr/bin/nm -B output from gcc object
configure:5195: gcc -c -g -O2  conftest.c >&5
configure:5198: $? = 0
configure:5202: /usr/bin/nm -B conftest.o \| sed -n -e 's/^.*[ ]\([ABCDGIRSTW][ABCDGIRSTW]*\)[ ][ ]*\([_A-Za-z][_A-Za-z0-9]*\)$/\1 \2 \2/p' | sed '/ __gnu_lto/d' \> conftest.nm
configure:5205: $? = 0
configure:5271: gcc -o conftest -g -O2   conftest.c conftstm.o >&5
configure:5274: $? = 0
configure:5312: result: ok
configure:5349: checking for sysroot
configure:5379: result: no
configure:5456: gcc -c -g -O2  conftest.c >&5
configure:5459: $? = 0
configure:5635: checking for mt
configure:5665: result: no
configure:5685: checking if : is a manifest tool
configure:5691: : '-?'
configure:5699: result: no
configure:6341: checking how to run the C preprocessor
configure:6372: gcc -E  conftest.c
configure:6372: $? = 0
configure:6386: gcc -E  conftest.c
conftest.c:9:28: fatal error: ac_nonexistent.h: No such file or directory
 #include <ac_nonexistent.h>
                            ^
compilation terminated.
configure:6386: $? = 1
configure: failed program was:
| /* confdefs.h */
| #define PACKAGE_NAME "tpm2-tools"
| #define PACKAGE_TARNAME "tpm2-tools"
| #define PACKAGE_VERSION "3.2.2-RC0-2-g4f21cf5"
| #define PACKAGE_STRING "tpm2-tools 3.2.2-RC0-2-g4f21cf5"
| #define PACKAGE_BUGREPORT ""
| #define PACKAGE_URL ""
| /* end confdefs.h.  */
| #include <ac_nonexistent.h>
configure:6411: result: gcc -E
configure:6431: gcc -E  conftest.c
configure:6431: $? = 0
configure:6445: gcc -E  conftest.c
conftest.c:9:28: fatal error: ac_nonexistent.h: No such file or directory
 #include <ac_nonexistent.h>
                            ^
compilation terminated.
configure:6445: $? = 1
configure: failed program was:
| /* confdefs.h */
| #define PACKAGE_NAME "tpm2-tools"
| #define PACKAGE_TARNAME "tpm2-tools"
| #define PACKAGE_VERSION "3.2.2-RC0-2-g4f21cf5"
| #define PACKAGE_STRING "tpm2-tools 3.2.2-RC0-2-g4f21cf5"
| #define PACKAGE_BUGREPORT ""
| #define PACKAGE_URL ""
| /* end confdefs.h.  */
| #include <ac_nonexistent.h>
configure:6474: checking for ANSI C header files
configure:6494: gcc -c -g -O2  conftest.c >&5
configure:6494: $? = 0
configure:6567: gcc -o conftest -g -O2   conftest.c  >&5
configure:6567: $? = 0
configure:6567: ./conftest
configure:6567: $? = 0
configure:6578: result: yes
configure:6591: checking for sys/types.h
configure:6591: gcc -c -g -O2  conftest.c >&5
configure:6591: $? = 0
configure:6591: result: yes
configure:6591: checking for sys/stat.h
configure:6591: gcc -c -g -O2  conftest.c >&5
configure:6591: $? = 0
configure:6591: result: yes
configure:6591: checking for stdlib.h
configure:6591: gcc -c -g -O2  conftest.c >&5
configure:6591: $? = 0
configure:6591: result: yes
configure:6591: checking for string.h
configure:6591: gcc -c -g -O2  conftest.c >&5
configure:6591: $? = 0
configure:6591: result: yes
configure:6591: checking for memory.h
configure:6591: gcc -c -g -O2  conftest.c >&5
configure:6591: $? = 0
configure:6591: result: yes
configure:6591: checking for strings.h
configure:6591: gcc -c -g -O2  conftest.c >&5
configure:6591: $? = 0
configure:6591: result: yes
configure:6591: checking for inttypes.h
configure:6591: gcc -c -g -O2  conftest.c >&5
configure:6591: $? = 0
configure:6591: result: yes
configure:6591: checking for stdint.h
configure:6591: gcc -c -g -O2  conftest.c >&5
configure:6591: $? = 0
configure:6591: result: yes
configure:6591: checking for unistd.h
configure:6591: gcc -c -g -O2  conftest.c >&5
configure:6591: $? = 0
configure:6591: result: yes
configure:6605: checking for dlfcn.h
configure:6605: gcc -c -g -O2  conftest.c >&5
configure:6605: $? = 0
configure:6605: result: yes
configure:6811: checking for objdir
configure:6826: result: .libs
configure:7097: checking if gcc supports -fno-rtti -fno-exceptions
configure:7115: gcc -c -g -O2  -fno-rtti -fno-exceptions conftest.c >&5
cc1: warning: command line option '-fno-rtti' is valid for C++/ObjC++ but not for C [enabled by default]
configure:7119: $? = 0
configure:7132: result: no
configure:7459: checking for gcc option to produce PIC
configure:7466: result: -fPIC -DPIC
configure:7474: checking if gcc PIC flag -fPIC -DPIC works
configure:7492: gcc -c -g -O2  -fPIC -DPIC -DPIC conftest.c >&5
configure:7496: $? = 0
configure:7509: result: yes
configure:7538: checking if gcc static flag -static works
configure:7566: result: no
configure:7581: checking if gcc supports -c -o file.o
configure:7602: gcc -c -g -O2  -o out/conftest2.o conftest.c >&5
configure:7606: $? = 0
configure:7628: result: yes
configure:7636: checking if gcc supports -c -o file.o
configure:7683: result: yes
configure:7716: checking whether the gcc linker (/usr/bin/ld -m elf_x86_64) supports shared libraries
configure:8869: result: yes
configure:8906: checking whether -lc should be explicitly linked in
configure:8914: gcc -c -g -O2  conftest.c >&5
configure:8917: $? = 0
configure:8932: gcc -shared  -fPIC -DPIC conftest.o  -v -Wl,-soname -Wl,conftest -o conftest 2\>\&1 \| /usr/bin/grep  -lc  \>/dev/null 2\>\&1
configure:8935: $? = 0
configure:8949: result: no
configure:9109: checking dynamic linker characteristics
configure:9620: gcc -o conftest -g -O2   -Wl,-rpath -Wl,/foo conftest.c  >&5
configure:9620: $? = 0
configure:9846: result: GNU/Linux ld.so
configure:9953: checking how to hardcode library paths into programs
configure:9978: result: immediate
configure:10518: checking whether stripping libraries is possible
configure:10523: result: yes
configure:10558: checking if libtool supports shared libraries
configure:10560: result: yes
configure:10563: checking whether to build shared libraries
configure:10584: result: yes
configure:10587: checking whether to build static libraries
configure:10591: result: yes
configure:10644: checking for a BSD-compatible install
configure:10712: result: /usr/bin/install -c
configure:10723: checking whether build environment is sane
configure:10778: result: yes
configure:10929: checking for a thread-safe mkdir -p
configure:10968: result: /usr/bin/mkdir -p
configure:10971: checking whether make sets $(MAKE)
configure:10993: result: yes
configure:11023: checking for style of include used by make
configure:11051: result: GNU
configure:11085: checking whether make supports nested variables
configure:11102: result: yes
configure:11187: checking dependency style of gcc
configure:11298: result: gcc3
configure:11327: checking whether to build with code coverage support
configure:11347: result: no
configure:11716: checking whether make supports nested variables
configure:11733: result: yes
configure:11748: checking for pandoc
configure:11778: result: no
configure:11786: WARNING: Required executable pandoc not found, man pages will not be built
configure:11859: checking for pkg-config
configure:11877: found /usr/bin/pkg-config
configure:11889: result: /usr/bin/pkg-config
configure:11914: checking pkg-config is at least version 0.9.0
configure:11917: result: yes
configure:11927: checking for SAPI
configure:12012: result: yes
configure:12018: checking for CRYPTO
configure:12025: $PKG_CONFIG --exists --print-errors "libcrypto >= 1.0.2g"
configure:12028: $? = 0
configure:12042: $PKG_CONFIG --exists --print-errors "libcrypto >= 1.0.2g"
configure:12045: $? = 0
configure:12103: result: yes
configure:12109: checking for CURL
configure:12116: $PKG_CONFIG --exists --print-errors "libcurl"
configure:12119: $? = 0
configure:12133: $PKG_CONFIG --exists --print-errors "libcurl"
configure:12136: $? = 0
configure:12194: result: yes
configure:12329: checking whether C compiler accepts -Wall
configure:12348: gcc -c -g -O2  -Wall  conftest.c >&5
configure:12348: $? = 0
configure:12356: result: yes
configure:12367: checking whether C compiler accepts -Wextra
configure:12386: gcc -c -g -O2  -Wextra  conftest.c >&5
configure:12386: $? = 0
configure:12394: result: yes
configure:12405: checking whether C compiler accepts -Werror
configure:12424: gcc -c -g -O2  -Werror  conftest.c >&5
configure:12424: $? = 0
configure:12432: result: yes
configure:12444: checking whether C compiler accepts -Wformat
configure:12463: gcc -c -g -O2  -Wformat  conftest.c >&5
configure:12463: $? = 0
configure:12471: result: yes
configure:12482: checking whether C compiler accepts -Wformat-security
configure:12501: gcc -c -g -O2  -Wformat-security  conftest.c >&5
cc1: warning: -Wformat-security ignored without -Wformat [-Wformat-security]
configure:12501: $? = 0
configure:12509: result: yes
configure:12520: checking whether C compiler accepts -Wstack-protector
configure:12539: gcc -c -g -O2  -Wstack-protector  conftest.c >&5
configure:12539: $? = 0
configure:12547: result: yes
configure:12558: checking whether C compiler accepts -fstack-protector-all
configure:12577: gcc -c -g -O2  -fstack-protector-all  conftest.c >&5
configure:12577: $? = 0
configure:12585: result: yes
configure:12597: checking whether C preprocessor accepts -U_FORTIFY_SOURCE
configure:12616: gcc -E   -U_FORTIFY_SOURCE conftest.c
configure:12616: $? = 0
configure:12624: result: yes
configure:12635: checking whether C preprocessor accepts -D_FORTIFY_SOURCE=2
configure:12654: gcc -E   -D_FORTIFY_SOURCE=2 conftest.c
configure:12654: $? = 0
configure:12662: result: yes
configure:12674: checking whether C compiler accepts -fPIC
configure:12693: gcc -c -g -O2  -fPIC  conftest.c >&5
configure:12693: $? = 0
configure:12701: result: yes
configure:12712: checking whether the linker accepts -shared
configure:12731: gcc -o conftest -g -O2    -shared conftest.c  >&5
configure:12731: $? = 0
configure:12740: result: yes
configure:12752: checking whether C compiler accepts -fPIE
configure:12771: gcc -c -g -O2  -fPIE  conftest.c >&5
configure:12771: $? = 0
configure:12779: result: yes
configure:12790: checking whether the linker accepts -pie
configure:12809: gcc -o conftest -g -O2    -pie conftest.c  >&5
configure:12809: $? = 0
configure:12818: result: yes
configure:12830: checking whether the linker accepts -Wl,-z,relro
configure:12849: gcc -o conftest -g -O2    -Wl,-z,relro conftest.c  >&5
configure:12849: $? = 0
configure:12858: result: yes
configure:12869: checking whether the linker accepts -Wl,-z,now
configure:12888: gcc -o conftest -g -O2    -Wl,-z,now conftest.c  >&5
configure:12888: $? = 0
configure:12897: result: yes
configure:12921: checking whether C preprocessor accepts -D_GNU_SOURCE
configure:12940: gcc -E   -D_GNU_SOURCE conftest.c
configure:12940: $? = 0
configure:12948: result: yes
configure:12960: checking whether C compiler accepts -fdata-sections
configure:12979: gcc -c -g -O2  -fdata-sections  conftest.c >&5
configure:12979: $? = 0
configure:12987: result: yes
configure:12995: checking whether C compiler accepts -ffunction-sections
configure:13014: gcc -c -g -O2  -ffunction-sections  conftest.c >&5
configure:13014: $? = 0
configure:13022: result: yes
configure:13030: checking whether the linker accepts -Wl,--gc-sections
configure:13049: gcc -o conftest -g -O2    -Wl,--gc-sections conftest.c  >&5
configure:13049: $? = 0
configure:13058: result: yes
configure:13080: checking for bash
configure:13096: found /usr/bin/bash
configure:13107: result: yes
configure:13124: checking for python
configure:13140: found /usr/bin/python
configure:13151: result: yes
configure:13168: checking for module yaml in python
configure:13177: result: found
configure:13329: checking that generated files are newer than configure
configure:13335: result: done
configure:13378: creating ./config.status

## ---------------------- ##
## Running config.status. ##
## ---------------------- ##

This file was extended by tpm2-tools config.status 3.2.2-RC0-2-g4f21cf5, which was
generated by GNU Autoconf 2.69.  Invocation command line was

  CONFIG_FILES    = 
  CONFIG_HEADERS  = 
  CONFIG_LINKS    = 
  CONFIG_COMMANDS = 
  $ ./config.status 

on localhost.localdomain

config.status:1138: creating Makefile
config.status:1310: executing libtool commands
config.status:1310: executing depfiles commands

## ---------------- ##
## Cache variables. ##
## ---------------- ##

ac_cv_build=x86_64-unknown-linux-gnu
ac_cv_c_compiler_gnu=yes
ac_cv_env_CC_set=
ac_cv_env_CC_value=
ac_cv_env_CFLAGS_set=
ac_cv_env_CFLAGS_value=
ac_cv_env_CMOCKA_CFLAGS_set=
ac_cv_env_CMOCKA_CFLAGS_value=
ac_cv_env_CMOCKA_LIBS_set=
ac_cv_env_CMOCKA_LIBS_value=
ac_cv_env_CPPFLAGS_set=
ac_cv_env_CPPFLAGS_value=
ac_cv_env_CPP_set=
ac_cv_env_CPP_value=
ac_cv_env_CRYPTO_CFLAGS_set=
ac_cv_env_CRYPTO_CFLAGS_value=
ac_cv_env_CRYPTO_LIBS_set=
ac_cv_env_CRYPTO_LIBS_value=
ac_cv_env_CURL_CFLAGS_set=
ac_cv_env_CURL_CFLAGS_value=
ac_cv_env_CURL_LIBS_set=
ac_cv_env_CURL_LIBS_value=
ac_cv_env_LDFLAGS_set=
ac_cv_env_LDFLAGS_value=
ac_cv_env_LIBS_set=
ac_cv_env_LIBS_value=
ac_cv_env_PKG_CONFIG_LIBDIR_set=
ac_cv_env_PKG_CONFIG_LIBDIR_value=
ac_cv_env_PKG_CONFIG_PATH_set=set
ac_cv_env_PKG_CONFIG_PATH_value=/usr/lib/pkgconfig/
ac_cv_env_PKG_CONFIG_set=
ac_cv_env_PKG_CONFIG_value=
ac_cv_env_SAPI_CFLAGS_set=set
ac_cv_env_SAPI_CFLAGS_value=' '
ac_cv_env_SAPI_LIBS_set=set
ac_cv_env_SAPI_LIBS_value='-ltss2-sys -L/usr/lib/'
ac_cv_env_build_alias_set=
ac_cv_env_build_alias_value=
ac_cv_env_host_alias_set=
ac_cv_env_host_alias_value=
ac_cv_env_target_alias_set=
ac_cv_env_target_alias_value=
ac_cv_header_dlfcn_h=yes
ac_cv_header_inttypes_h=yes
ac_cv_header_memory_h=yes
ac_cv_header_stdc=yes
ac_cv_header_stdint_h=yes
ac_cv_header_stdlib_h=yes
ac_cv_header_string_h=yes
ac_cv_header_strings_h=yes
ac_cv_header_sys_stat_h=yes
ac_cv_header_sys_types_h=yes
ac_cv_header_unistd_h=yes
ac_cv_host=x86_64-unknown-linux-gnu
ac_cv_objext=o
ac_cv_path_EGREP='/usr/bin/grep -E'
ac_cv_path_FGREP='/usr/bin/grep -F'
ac_cv_path_GREP=/usr/bin/grep
ac_cv_path_SED=/usr/bin/sed
ac_cv_path_ac_pt_PKG_CONFIG=/usr/bin/pkg-config
ac_cv_path_install='/usr/bin/install -c'
ac_cv_path_mkdir=/usr/bin/mkdir
ac_cv_prog_AWK=gawk
ac_cv_prog_BASH_SHELL=yes
ac_cv_prog_CPP='gcc -E'
ac_cv_prog_PYTHON=yes
ac_cv_prog_ac_ct_AR=ar
ac_cv_prog_ac_ct_CC=gcc
ac_cv_prog_ac_ct_OBJDUMP=objdump
ac_cv_prog_ac_ct_RANLIB=ranlib
ac_cv_prog_ac_ct_STRIP=strip
ac_cv_prog_cc_c89=
ac_cv_prog_cc_g=yes
ac_cv_prog_make_make_set=yes
am_cv_CC_dependencies_compiler_type=gcc3
am_cv_make_support_nested_variables=yes
ax_cv_check_ccppflags___D_FORTIFY_SOURCE_2=yes
ax_cv_check_ccppflags___D_GNU_SOURCE=yes
ax_cv_check_ccppflags___U_FORTIFY_SOURCE=yes
ax_cv_check_cflags___Wall=yes
ax_cv_check_cflags___Werror=yes
ax_cv_check_cflags___Wextra=yes
ax_cv_check_cflags___Wformat=yes
ax_cv_check_cflags___Wformat_security=yes
ax_cv_check_cflags___Wstack_protector=yes
ax_cv_check_cflags___fPIC=yes
ax_cv_check_cflags___fPIE=yes
ax_cv_check_cflags___fdata_sections=yes
ax_cv_check_cflags___ffunction_sections=yes
ax_cv_check_cflags___fstack_protector_all=yes
ax_cv_check_ldflags___Wl___gc_sections=yes
ax_cv_check_ldflags___Wl__z_now=yes
ax_cv_check_ldflags___Wl__z_relro=yes
ax_cv_check_ldflags___pie=yes
ax_cv_check_ldflags___shared=yes
lt_cv_ar_at_file=@
lt_cv_archive_cmds_need_lc=no
lt_cv_deplibs_check_method=pass_all
lt_cv_file_magic_cmd='$MAGIC_CMD'
lt_cv_file_magic_test_file=
lt_cv_ld_reload_flag=-r
lt_cv_nm_interface='BSD nm'
lt_cv_objdir=.libs
lt_cv_path_LD=/usr/bin/ld
lt_cv_path_NM='/usr/bin/nm -B'
lt_cv_path_mainfest_tool=no
lt_cv_prog_compiler_c_o=yes
lt_cv_prog_compiler_pic='-fPIC -DPIC'
lt_cv_prog_compiler_pic_works=yes
lt_cv_prog_compiler_rtti_exceptions=no
lt_cv_prog_compiler_static_works=no
lt_cv_prog_gnu_ld=yes
lt_cv_sharedlib_from_linklib_cmd='printf %s\n'
lt_cv_shlibpath_overrides_runpath=no
lt_cv_sys_global_symbol_pipe='sed -n -e '\''s/^.*[	 ]\([ABCDGIRSTW][ABCDGIRSTW]*\)[	 ][	 ]*\([_A-Za-z][_A-Za-z0-9]*\)$/\1 \2 \2/p'\'' | sed '\''/ __gnu_lto/d'\'''
lt_cv_sys_global_symbol_to_c_name_address='sed -n -e '\''s/^: \([^ ]*\)[ ]*$/  {\"\1\", (void *) 0},/p'\'' -e '\''s/^[ABCDGIRSTW]* \([^ ]*\) \([^ ]*\)$/  {"\2", (void *) \&\2},/p'\'''
lt_cv_sys_global_symbol_to_c_name_address_lib_prefix='sed -n -e '\''s/^: \([^ ]*\)[ ]*$/  {\"\1\", (void *) 0},/p'\'' -e '\''s/^[ABCDGIRSTW]* \([^ ]*\) \(lib[^ ]*\)$/  {"\2", (void *) \&\2},/p'\'' -e '\''s/^[ABCDGIRSTW]* \([^ ]*\) \([^ ]*\)$/  {"lib\2", (void *) \&\2},/p'\'''
lt_cv_sys_global_symbol_to_cdecl='sed -n -e '\''s/^T .* \(.*\)$/extern int \1();/p'\'' -e '\''s/^[ABCDGIRSTW]* .* \(.*\)$/extern char \1;/p'\'''
lt_cv_sys_max_cmd_len=1572864
lt_cv_to_host_file_cmd=func_convert_file_noop
lt_cv_to_tool_file_cmd=func_convert_file_noop
pkg_cv_CRYPTO_CFLAGS=' '
pkg_cv_CRYPTO_LIBS='-lcrypto  '
pkg_cv_CURL_CFLAGS=' '
pkg_cv_CURL_LIBS='-lcurl  '
pkg_cv_SAPI_CFLAGS=' '
pkg_cv_SAPI_LIBS='-ltss2-sys -L/usr/lib/'

## ----------------- ##
## Output variables. ##
## ----------------- ##














	@echo "Need to reconfigure with --enable-code-coverage"
	@echo "Need to reconfigure with --enable-code-coverage"
 $(CODE_COVERAGE_IGNORE_PATTERN);
 $(CODE_COVERAGE_OUTPUT_FILE);
#
#
#    $(PACKAGE_NAME)-$(PACKAGE_VERSION)-coverage)
#    $(PACKAGE_NAME)-$(PACKAGE_VERSION)-coverage.info)
#    (Default: $(top_builddir))
#    (Default: empty)
#    Multiple directories may be specified, separated by whitespace.
#    by lcov for code coverage. (Default:
#    collecting lcov instance. (Default: $CODE_COVERAGE_LCOV_OPTIONS_GCOVPATH)
#    genhtml instance. (Default: based on $CODE_COVERAGE_BRANCH_COVERAGE)
#    instance. (Default: $CODE_COVERAGE_GENHTML_OPTIONS_DEFAULT)
#    instance. (Default: $CODE_COVERAGE_LCOV_OPTIONS_DEFAULT)
#    instance. (Default: $CODE_COVERAGE_LCOV_RMOPTS_DEFAULT)
#    instances. (Default: $CODE_COVERAGE_LCOV_SHOPTS_DEFAULT)
#    instances. (Default: based on $CODE_COVERAGE_BRANCH_COVERAGE)
#    lcov instance. (Default: empty)
#    reports to be created. (Default:
#    set to 0 to disable it and leave empty to stay with the default.
#  - CODE_COVERAGE_BRANCH_COVERAGE: Set to 1 to enforce branch coverage,
#  - CODE_COVERAGE_DIRECTORY: Top-level directory for code coverage reporting.
#  - CODE_COVERAGE_GENHTML_OPTIONS: Extra options to pass to the genhtml
#  - CODE_COVERAGE_GENHTML_OPTIONS_DEFAULT: Extra options to pass to the
#  - CODE_COVERAGE_IGNORE_PATTERN: Extra glob pattern of files to ignore
#  - CODE_COVERAGE_LCOV_OPTIONS: Extra options to pass to the collecting lcov
#  - CODE_COVERAGE_LCOV_OPTIONS_DEFAULT: Extra options to pass to the
#  - CODE_COVERAGE_LCOV_OPTIONS_GCOVPATH: --gcov-tool pathtogcov
#  - CODE_COVERAGE_LCOV_RMOPTS: Extra options to pass to the filtering lcov
#  - CODE_COVERAGE_LCOV_RMOPTS_DEFAULT: Extra options to pass to the filtering
#  - CODE_COVERAGE_LCOV_SHOPTS: Extra options to shared between both lcov
#  - CODE_COVERAGE_LCOV_SHOPTS_DEFAULT: Extra options shared between both lcov
#  - CODE_COVERAGE_OUTPUT_DIRECTORY: Directory for generated code coverage
#  - CODE_COVERAGE_OUTPUT_FILE: Filename and path for the .info file generated
# $(PACKAGE_VERSION). In order to add the current git hash to the title,
# Capture code coverage data
# Code coverage
# Hook rule executed before code-coverage-capture, overridable by the user
# Optional variables
# Optional:
# The generated report will be titled using the $(PACKAGE_NAME) and
# Use recursive makes in order to ignore errors during check
# sanitizes the test-name: replaces with underscores: dashes and dots
# use the git-version-gen script, available online.
$(if $(CODE_COVERAGE_BRANCH_COVERAGE),\
'
--rc genhtml_branch_coverage=$(CODE_COVERAGE_BRANCH_COVERAGE))
--rc lcov_branch_coverage=$(CODE_COVERAGE_BRANCH_COVERAGE))
.PHONY: check-code-coverage code-coverage-capture code-coverage-capture-hook code-coverage-clean
ACLOCAL='${SHELL} /home/zstar/zmx/tpm2-tools-sm/missing aclocal-1.13'
AMDEPBACKSLASH='\'
AMDEP_FALSE='#'
AMDEP_TRUE=''
AMTAR='$${TAR-tar}'
AM_BACKSLASH='\'
AM_DEFAULT_V='$(AM_DEFAULT_VERBOSITY)'
AM_DEFAULT_VERBOSITY='0'
AM_DISTCHECK_CONFIGURE_FLAGS += --disable-code-coverage
AM_DISTCHECK_CONFIGURE_FLAGS ?=
AM_V='$(V)'
AR='ar'
AUTOCONF='${SHELL} /home/zstar/zmx/tpm2-tools-sm/missing autoconf'
AUTOCONF_CODE_COVERAGE_2019_01_06_FALSE=''
AUTOCONF_CODE_COVERAGE_2019_01_06_TRUE='#'
AUTOHEADER='${SHELL} /home/zstar/zmx/tpm2-tools-sm/missing autoheader'
AUTOMAKE='${SHELL} /home/zstar/zmx/tpm2-tools-sm/missing automake-1.13'
AWK='gawk'
BASH_SHELL='yes'
CC='gcc'
CCDEPMODE='depmode=gcc3'
CFLAGS='-g -O2'
CMOCKA_CFLAGS=''
CMOCKA_LIBS=''
CODE_COVERAGE_BRANCH_COVERAGE ?=
CODE_COVERAGE_CFLAGS=''
CODE_COVERAGE_CPPFLAGS=''
CODE_COVERAGE_CXXFLAGS=''
CODE_COVERAGE_DIRECTORY ?= $(top_builddir)
CODE_COVERAGE_ENABLED='no'
CODE_COVERAGE_ENABLED_FALSE=''
CODE_COVERAGE_ENABLED_TRUE='#'
CODE_COVERAGE_GENHTML_OPTIONS ?= $(CODE_COVERAGE_GENHTML_OPTIONS_DEFAULTS)
CODE_COVERAGE_GENHTML_OPTIONS_DEFAULT ?=\
CODE_COVERAGE_IGNORE_PATTERN ?=
CODE_COVERAGE_LCOV_OPTIONS ?= $(CODE_COVERAGE_LCOV_OPTIONS_DEFAULT)
CODE_COVERAGE_LCOV_OPTIONS_DEFAULT ?= $(CODE_COVERAGE_LCOV_OPTIONS_GCOVPATH)
CODE_COVERAGE_LCOV_OPTIONS_GCOVPATH ?= --gcov-tool "$(GCOV)"
CODE_COVERAGE_LCOV_RMOPTS ?= $(CODE_COVERAGE_LCOV_RMOPTS_DEFAULT)
CODE_COVERAGE_LCOV_RMOPTS_DEFAULT ?=
CODE_COVERAGE_LCOV_SHOPTS ?= $(CODE_COVERAGE_LCOV_SHOPTS_DEFAULT)
CODE_COVERAGE_LCOV_SHOPTS_DEFAULT ?= $(if $(CODE_COVERAGE_BRANCH_COVERAGE),\
CODE_COVERAGE_LDFLAGS=''
CODE_COVERAGE_LIBS=''
CODE_COVERAGE_OUTPUT_DIRECTORY ?= $(PACKAGE_NAME)-$(PACKAGE_VERSION)-coverage
CODE_COVERAGE_OUTPUT_FILE ?= $(PACKAGE_NAME)-$(PACKAGE_VERSION)-coverage.info
CODE_COVERAGE_RULES='
CPP='gcc -E'
CPPFLAGS=''
CRYPTO_CFLAGS=' '
CRYPTO_LIBS='-lcrypto  '
CURL_CFLAGS=' '
CURL_LIBS='-lcurl  '
CYGPATH_W='echo'
DEFS='-DPACKAGE_NAME=\"tpm2-tools\" -DPACKAGE_TARNAME=\"tpm2-tools\" -DPACKAGE_VERSION=\"3.2.2-RC0-2-g4f21cf5\" -DPACKAGE_STRING=\"tpm2-tools\ 3.2.2-RC0-2-g4f21cf5\" -DPACKAGE_BUGREPORT=\"\" -DPACKAGE_URL=\"\" -DSTDC_HEADERS=1 -DHAVE_SYS_TYPES_H=1 -DHAVE_SYS_STAT_H=1 -DHAVE_STDLIB_H=1 -DHAVE_STRING_H=1 -DHAVE_MEMORY_H=1 -DHAVE_STRINGS_H=1 -DHAVE_INTTYPES_H=1 -DHAVE_STDINT_H=1 -DHAVE_UNISTD_H=1 -DHAVE_DLFCN_H=1 -DLT_OBJDIR=\".libs/\" -DPACKAGE=\"tpm2-tools\" -DVERSION=\"3.2.2-RC0-2-g4f21cf5\"'
DEPDIR='.deps'
DLLTOOL='false'
DSYMUTIL=''
DUMPBIN=''
ECHO_C=''
ECHO_N='-n'
ECHO_T=''
EGREP='/usr/bin/grep -E'
EXEEXT=''
EXTRA_CFLAGS=' -Wall -Wextra -Werror -Wformat -Wformat-security -Wstack-protector -fstack-protector-all -U_FORTIFY_SOURCE -D_FORTIFY_SOURCE=2 -fPIC -fPIE -D_GNU_SOURCE -fdata-sections -ffunction-sections'
EXTRA_LDFLAGS=' -shared -pie -Wl,-z,relro -Wl,-z,now -Wl,--gc-sections'
FGREP='/usr/bin/grep -F'
GCOV=''
GENHTML=''
GITIGNOREFILES += $(CODE_COVERAGE_OUTPUT_FILE) $(CODE_COVERAGE_OUTPUT_DIRECTORY)
GITIGNOREFILES ?=
GREP='/usr/bin/grep'
HAVE_MAN_PAGES_FALSE=''
HAVE_MAN_PAGES_TRUE='#'
HAVE_PANDOC_FALSE=''
HAVE_PANDOC_TRUE='#'
INSTALL_DATA='${INSTALL} -m 644'
INSTALL_PROGRAM='${INSTALL}'
INSTALL_SCRIPT='${INSTALL}'
INSTALL_STRIP_PROGRAM='$(install_sh) -c -s'
LCOV=''
LD='/usr/bin/ld -m elf_x86_64'
LDFLAGS=''
LIBOBJS=''
LIBS=''
LIBTOOL='$(SHELL) $(top_builddir)/libtool'
LIPO=''
LN_S='ln -s'
LTLIBOBJS=''
MAKEINFO='${SHELL} /home/zstar/zmx/tpm2-tools-sm/missing makeinfo'
MANIFEST_TOOL=':'
MKDIR_P='/usr/bin/mkdir -p'
NM='/usr/bin/nm -B'
NMEDIT=''
OBJDUMP='objdump'
OBJEXT='o'
OTOOL64=''
OTOOL=''
PACKAGE='tpm2-tools'
PACKAGE_BUGREPORT=''
PACKAGE_NAME='tpm2-tools'
PACKAGE_STRING='tpm2-tools 3.2.2-RC0-2-g4f21cf5'
PACKAGE_TARNAME='tpm2-tools'
PACKAGE_URL=''
PACKAGE_VERSION='3.2.2-RC0-2-g4f21cf5'
PANDOC=''
PATH_SEPARATOR=':'
PKG_CONFIG='/usr/bin/pkg-config'
PKG_CONFIG_LIBDIR=''
PKG_CONFIG_PATH='/usr/lib/pkgconfig/'
PYTHON='yes'
RANLIB='ranlib'
SAPI_CFLAGS=' '
SAPI_LIBS='-ltss2-sys -L/usr/lib/'
SED='/usr/bin/sed'
SET_MAKE=''
SHELL='/bin/sh'
STRIP='strip'
UNIT_FALSE=''
UNIT_TRUE='#'
VERSION='3.2.2-RC0-2-g4f21cf5'
ac_ct_AR='ar'
ac_ct_CC='gcc'
ac_ct_DUMPBIN=''
am__EXEEXT_FALSE=''
am__EXEEXT_TRUE='#'
am__fastdepCC_FALSE='#'
am__fastdepCC_TRUE=''
am__include='include'
am__isrc=''
am__leading_dot='.'
am__nodep='_no'
am__quote=''
am__tar='$${TAR-tar} chof - "$$tardir"'
am__untar='$${TAR-tar} xf -'
bindir='${exec_prefix}/bin'
build='x86_64-unknown-linux-gnu'
build_alias=''
build_cpu='x86_64'
build_os='linux-gnu'
build_vendor='unknown'
check-code-coverage:
code-coverage-capture-hook:
code-coverage-capture: code-coverage-capture-hook
code_coverage_quiet = $(code_coverage_quiet_$(V))
code_coverage_quiet_ = $(code_coverage_quiet_$(AM_DEFAULT_VERBOSITY))
code_coverage_quiet_0 = --quiet
code_coverage_sanitize = $(subst -,_,$(subst .,_,$(1)))
code_coverage_v_genhtml = $(code_coverage_v_genhtml_$(V))
code_coverage_v_genhtml_ = $(code_coverage_v_genhtml_$(AM_DEFAULT_VERBOSITY))
code_coverage_v_genhtml_0 = @echo "  GEN   " $(CODE_COVERAGE_OUTPUT_DIRECTORY);
code_coverage_v_lcov_cap = $(code_coverage_v_lcov_cap_$(V))
code_coverage_v_lcov_cap_ = $(code_coverage_v_lcov_cap_$(AM_DEFAULT_VERBOSITY))
code_coverage_v_lcov_cap_0 = @echo "  LCOV   --capture"\
code_coverage_v_lcov_ign = $(code_coverage_v_lcov_ign_$(V))
code_coverage_v_lcov_ign_ = $(code_coverage_v_lcov_ign_$(AM_DEFAULT_VERBOSITY))
code_coverage_v_lcov_ign_0 = @echo "  LCOV   --remove /tmp/*"\
datadir='${datarootdir}'
datarootdir='${prefix}/share'
docdir='${datarootdir}/doc/${PACKAGE_TARNAME}'
dvidir='${docdir}'
exec_prefix='${prefix}'
host='x86_64-unknown-linux-gnu'
host_alias=''
host_cpu='x86_64'
host_os='linux-gnu'
host_vendor='unknown'
htmldir='${docdir}'
includedir='${prefix}/include'
infodir='${datarootdir}/info'
install_sh='${SHELL} /home/zstar/zmx/tpm2-tools-sm/install-sh'
libdir='${exec_prefix}/lib'
libexecdir='${exec_prefix}/libexec'
localedir='${datarootdir}/locale'
localstatedir='${prefix}/var'
mandir='${datarootdir}/man'
mkdir_p='$(MKDIR_P)'
oldincludedir='/usr/include'
pdfdir='${docdir}'
prefix='/usr/local'
program_transform_name='s,x,x,'
psdir='${docdir}'
sbindir='${exec_prefix}/sbin'
sharedstatedir='${prefix}/com'
sysconfdir='${prefix}/etc'
target_alias=''

## ----------- ##
## confdefs.h. ##
## ----------- ##

/* confdefs.h */
#define PACKAGE_NAME "tpm2-tools"
#define PACKAGE_TARNAME "tpm2-tools"
#define PACKAGE_VERSION "3.2.2-RC0-2-g4f21cf5"
#define PACKAGE_STRING "tpm2-tools 3.2.2-RC0-2-g4f21cf5"
#define PACKAGE_BUGREPORT ""
#define PACKAGE_URL ""
#define STDC_HEADERS 1
#define HAVE_SYS_TYPES_H 1
#define HAVE_SYS_STAT_H 1
#define HAVE_STDLIB_H 1
#define HAVE_STRING_H 1
#define HAVE_MEMORY_H 1
#define HAVE_STRINGS_H 1
#define HAVE_INTTYPES_H 1
#define HAVE_STDINT_H 1
#define HAVE_UNISTD_H 1
#define HAVE_DLFCN_H 1
#define LT_OBJDIR ".libs/"
#define PACKAGE "tpm2-tools"
#define VERSION "3.2.2-RC0-2-g4f21cf5"

configure: exit 0
